Name: CCTV-1, URL: http://[2409:8087:5e08:24::2]:6610/000000001000/1000000001000018602/index.m3u8?channel-id=ystenlive&Contentid=1000000001000018602&livemode=1&stbId=3$订阅源, Date: None, Delay: -inf ms, Speed: inf M/s, Resolution: 1920x1080
Name: CCTV-1, URL: http://[2409:8087:5e00:24::1e]:6060/000000001000/5000000010000030810/1.m3u8$订阅源, Date: None, Delay: -inf ms, Speed: inf M/s, Resolution: 1920x1080
Name: CCTV-1, URL: http://[2409:8087:5e00:24::1e]:6060/200000001898/460000089800010144/index.m3u8$订阅源, Date: None, Delay: -inf ms, Speed: inf M/s, Resolution: 1920x1080
Name: CCTV-1, URL: http://[2409:8087:5e00:24::1e]:6060/000000001000/1000000006000233001/1.m3u8$订阅源, Date: None, Delay: -inf ms, Speed: inf M/s, Resolution: 1920x1080
Name: CCTV-1, URL: http://[2409:8087:1a01:df::7005]/ottrrs.hl.chinamobile.com/PLTV/88888888/224/3221226559/index.m3u8$订阅源, Date: None, Delay: -inf ms, Speed: inf M/s, Resolution: 1920x1080
Name: CCTV-1, URL: http://[2409:8087:1a0a:df::4038]/ottrrs.hl.chinamobile.com/TVOD/88888888/224/3221226559/index.m3u8$订阅源, Date: None, Delay: -inf ms, Speed: inf M/s, Resolution: 1920x1080
Name: CCTV-1, URL: http://[2409:8087:5e00:24::1e]:6060/000000001000/5000000004000002226/1.m3u8$订阅源, Date: None, Delay: -inf ms, Speed: inf M/s, Resolution: 1920x1080
Name: CCTV-1, URL: http://[2409:8087:1a01:df::7005]/ottrrs.hl.chinamobile.com/PLTV/2/224/3221226016/2.m3u8$订阅源, Date: None, Delay: -inf ms, Speed: inf M/s, Resolution: 1920x1080
Name: CCTV-1, URL: http://[2409:8087:1a01:df::7005]:80/ottrrs.hl.chinamobile.com/PLTV/88888888/224/3221226559/index.m3u8$订阅源, Date: None, Delay: -inf ms, Speed: inf M/s, Resolution: 1920x1080
Name: CCTV-1, URL: http://[2409:8087:1a01:df::7005]/ottrrs.hl.chinamobile.com/PLTV/88888888/224/3221226016/index.m3u8$订阅源, Date: None, Delay: -inf ms, Speed: inf M/s, Resolution: 1920x1080
Name: CCTV-1, URL: http://[2409:8087:1a01:df::7005]/ottrrs.hl.chinamobile.com/PLTV/88888888/224/3221226419/index.m3u8$订阅源, Date: None, Delay: -inf ms, Speed: inf M/s, Resolution: 1920x1080
Name: CCTV-1, URL: http://[2409:8087:5e00:24::1e]:6060/200000001898/460000089800010011/1.m3u8?$订阅源, Date: None, Delay: -inf ms, Speed: inf M/s, Resolution: 1920x1080
Name: CCTV-1, URL: http://[2409:8087:1a01:df::4077]/ottrrs.hl.chinamobile.com/PLTV/88888888/224/3221226016/index.m3u8?$订阅源, Date: None, Delay: -inf ms, Speed: inf M/s, Resolution: 1920x1080
Name: CCTV-1, URL: http://[2409:8087:1a01:df::7005]/ottrrs.hl.chinamobile.com/yinhe/88888888/224/3221226559/index.m3u8$订阅源, Date: None, Delay: -inf ms, Speed: inf M/s, Resolution: 1920x1080
Name: CCTV-1, URL: http://[2409:8087:5e00:24::1f]:6060/ZTE_CMS/00000001000000060000000000000131/index.m3u8$订阅源, Date: None, Delay: -inf ms, Speed: inf M/s, Resolution: 1920x1080
Name: CCTV-1, URL: http://[2409:8087:5e00:24::1e]:6060/200000001898/460000089800010011/index.m3u8$订阅源, Date: None, Delay: -inf ms, Speed: inf M/s, Resolution: 1920x1080
Name: CCTV-1, URL: http://[2409:8087:1a01:df::4077]:80/ottrrs.hl.chinamobile.com/PLTV/88888888/224/3221226016/index.m3u8$订阅源, Date: None, Delay: -inf ms, Speed: inf M/s, Resolution: 1920x1080
Name: CCTV-1, URL: http://[2409:8087:1a01:df::4077]/ottrrs.hl.chinamobile.com/PLTV/88888888/224/3221226016/index.m3u8$订阅源, Date: None, Delay: -inf ms, Speed: inf M/s, Resolution: 1920x1080
Name: CCTV-1, URL: http://[2409:8087:5e01:34::21]:6610/ZTE_CMS/00000001000000060000000000000131/index.m3u8?IAS$订阅源, Date: None, Delay: -inf ms, Speed: inf M/s, Resolution: 1920x1080
Name: CCTV-1, URL: http://[2409:8087:5e00:24::1e]:6060/200000001898/460000089800010144/1.m3u8$订阅源, Date: None, Delay: -inf ms, Speed: inf M/s, Resolution: 1920x1080
Name: CCTV-1, URL: http://[2409:8087:1a01:df::4077]/ottrrs.hl.chinamobile.com/yinhe/88888888/224/3221226016/index.m3u8$订阅源, Date: None, Delay: -inf ms, Speed: inf M/s, Resolution: 1920x1080
Name: CCTV-1, URL: http://[2409:8087:5e01:34::20]:6610/ZTE_CMS/00000001000000060000000000000131/index.m3u8?key=tvbox6_com$订阅源, Date: None, Delay: -inf ms, Speed: inf M/s, Resolution: 1920x1080
Name: CCTV-1, URL: http://[2409:8087:4c0a:22:1::11]:6410/170000001115/UmaiCHAN111128BESTVSMGSMG/index.m3u8?AuthInfo=9kOOdBn7MFF%2F2bWjKgahUU6FFmRK8Hl0ytyd5e5kWGEwoDIwMxbrlyyVy9x6ZDKnldIYKOjBOUjRyoym5n7Kg0yIYstFTUfqtC14fzxhy5Y$订阅源, Date: None, Delay: -inf ms, Speed: inf M/s, Resolution: 1920x1080
Name: CCTV-1, URL: http://[2409:8087:5e01:34::22]:6610/ZTE_CMS/00000001000000060000000000000131/index.m3u8?IAS$订阅源, Date: None, Delay: -inf ms, Speed: inf M/s, Resolution: 1920x1080
Name: CCTV-1, URL: http://[2409:8087:5e01:34::23]:6610/ZTE_CMS/00000001000000060000000000000131/index.m3u8?IAS$订阅源, Date: None, Delay: -inf ms, Speed: inf M/s, Resolution: 1920x1080
Name: CCTV-1, URL: http://[2409:8087:5e01:34::20]:6610/ZTE_CMS/00000001000000060000000000000131/index.m3u8?IAS$订阅源, Date: None, Delay: -inf ms, Speed: inf M/s, Resolution: 1920x1080
Name: CCTV-1, URL: http://[2409:8087:1a01:df::4077]/ottrrs.hl.chinamobile.com/PLTV/88888888/8/3221226016/index.m3u8$订阅源, Date: None, Delay: -inf ms, Speed: inf M/s, Resolution: 1920x1080
Name: CCTV-1, URL: http://[2409:8087:2001:20:2800:0:df6e:eb26]/ott.mobaibox.com/PLTV/1/224/3221228213/index.m3u8$订阅源, Date: None, Delay: -inf ms, Speed: inf M/s, Resolution: 1920x1080
Name: CCTV-1, URL: http://[2409:8087:3c02:0021:0000:0001:0000:100a]:6410/shandong_cabletv.live.zte.com////CHANNEL00000311/index.m3u8?IASHttpSessionId=$订阅源, Date: None, Delay: -inf ms, Speed: inf M/s, Resolution: 1920x1080
Name: CCTV-1, URL: http://[2409:8087:74d9:21::6]:80/270000001128/9900000001/index.m3u8$订阅源, Date: None, Delay: -inf ms, Speed: inf M/s, Resolution: 1920x1080
Name: CCTV-1, URL: http://[2409:8087:5e00:24::1e]:6060/200000001898/460000089800010011/1.m3u8$订阅源, Date: None, Delay: -inf ms, Speed: inf M/s, Resolution: 1920x1080
Name: CCTV-1, URL: http://[2409:8087:5e00:24::10]:6060/200000001898/460000089800010144/$订阅源, Date: None, Delay: -inf ms, Speed: inf M/s, Resolution: 1920x1080
Name: CCTV-1, URL: http://[2409:8087:5e00:24::11]:6060/200000001898/460000089800010144/$订阅源, Date: None, Delay: -inf ms, Speed: inf M/s, Resolution: 1920x1080
Name: CCTV-1, URL: http://[2409:8087:5e00:24::1e]:6060/200000001898/460000089800010144/$订阅源, Date: None, Delay: -inf ms, Speed: inf M/s, Resolution: 1920x1080
Name: CCTV-1, URL: http://[2409:8087:5e00:24::1e]:6060/000000001000/5000000004000002226/$订阅源, Date: None, Delay: -inf ms, Speed: inf M/s, Resolution: 1920x1080
Name: CCTV-1, URL: http://[2409:8087:5e00:24::1e]:6060/000000001000/5000000001000004953/1.m3u8$订阅源, Date: None, Delay: -inf ms, Speed: inf M/s, Resolution: 1920x1080
Name: CCTV-1, URL: http://[2409:8087:5e00:24::1e]:6060/000000001000/1000000001000018602/1.m3u8$订阅源, Date: None, Delay: -inf ms, Speed: inf M/s, Resolution: 1920x1080
Name: CCTV-1, URL: http://[2409:8087:1a0a:df::404b]:80/ottrrs.hl.chinamobile.com/PLTV/88888888/224/3221226016/index.m3u8$订阅源, Date: None, Delay: -inf ms, Speed: inf M/s, Resolution: 1920x1080
Name: CCTV-1, URL: http://[2409:8087:5e08:24::17]:6610/000000001000/6000000001000029752/1.m3u8?channel-id=wasusyt&Contentid=6000000001000029752&livemode=1&stbId=3$订阅源, Date: None, Delay: -inf ms, Speed: inf M/s, Resolution: 1920x1080
Name: CCTV-1, URL: http://[2409:8087:74d9:21::9]:80/270000001128/index.m3u8?cmcc_cid=9900000001$订阅源, Date: None, Delay: -inf ms, Speed: inf M/s, Resolution: 1920x1080
Name: CCTV-1, URL: http://[2409:8087:74d6:22::7]:6410/270000001128/9900000001/index.m3u8?channel-id=newtv&livemode=4&Contentid=9900000001$订阅源, Date: None, Delay: -inf ms, Speed: inf M/s, Resolution: 1920x1080
Name: CCTV-1, URL: http://[2409:8087:74d9:21::6]/270000001128/9900000001/index.m3u8$订阅源, Date: None, Delay: -inf ms, Speed: inf M/s, Resolution: 1920x1080
Name: CCTV-1, URL: http://[2409:8087:74d6:22::7]:6610/270000001128/9900000501/index.m3u8?channel-id=newtv&Ace$订阅源, Date: None, Delay: -inf ms, Speed: inf M/s, Resolution: 1920x1080
Name: CCTV-1, URL: http://[2409:8087:74d6:22::7]:6410/270000001128/9900000001/index.m3u8?channel-id=newtv&Ace$订阅源, Date: None, Delay: -inf ms, Speed: inf M/s, Resolution: 1920x1080
Name: CCTV-1, URL: http://[2409:8087:5e08:24::11]:6610/000000001000/1000000005000265001/1.m3u8?channel-id=ystenlive&Contentid=1000000005000265001&livemode=1&stbId=3$订阅源, Date: None, Delay: -inf ms, Speed: inf M/s, Resolution: 1920x1080
Name: CCTV-1, URL: http://[2409:8087:74d9:21::6]/000000001000PLTV/88888888/224/3221226733/index.m3u8$订阅源, Date: None, Delay: -inf ms, Speed: inf M/s, Resolution: 1920x1080
Name: CCTV-1, URL: http://[2409:8087:5e00:24::1e]:6060/000000001000/1000000001000021973/1.m3u8$订阅源, Date: None, Delay: -inf ms, Speed: inf M/s, Resolution: 1920x1080
Name: CCTV-1, URL: http://[2409:8087:74d9:21::6]:80/000000001000PLTV/88888888/224/3221226670/index.m3u8$订阅源, Date: None, Delay: -inf ms, Speed: inf M/s, Resolution: 1920x1080
Name: CCTV-1, URL: http://[2409:8087:74f0:22::4]:6410/270000001128/9900000001/index.m3u8?$订阅源, Date: None, Delay: -inf ms, Speed: inf M/s, Resolution: 1920x1080
Name: CCTV-1, URL: http://[2409:8087:74f0:22::4]:6410/270000001128/9900000501/index.m3u8?$订阅源, Date: None, Delay: -inf ms, Speed: inf M/s, Resolution: 1920x1080
Name: CCTV-1, URL: http://[2409:8087:74d9:21::4]/270000001128/index.m3u8?cmcc_cid=9900000001$订阅源, Date: None, Delay: -inf ms, Speed: inf M/s, Resolution: 1920x1080
Name: CCTV-1, URL: http://[2409:8087:1a01:df::7005]:80/ottrrs.hl.chinamobile.com/TVOD/88888888/224/3221226559/index.m3u8$订阅源, Date: None, Delay: -inf ms, Speed: inf M/s, Resolution: 1920x1080
Name: CCTV-1, URL: http://58.19.43.46:9901/tsfile/live/1020_1.m3u8$订阅源, Date: None, Delay: 1127 ms, Speed: 0.02 M/s, Resolution: 1920x1080
Name: CCTV-1, URL: http://116.9.204.242:9901/tsfile/live/0001_1.m3u8$订阅源, Date: None, Delay: 1616 ms, Speed: 0.02 M/s, Resolution: 720x576
Name: CCTV-1, URL: http://220.170.241.204:9901/tsfile/live/0001_1.m3u8$订阅源, Date: None, Delay: 279 ms, Speed: 0.01 M/s, Resolution: 720x576
Name: CCTV-1, URL: http://61.138.128.226:19901/tsfile/live/0001_1.m3u8$订阅源, Date: None, Delay: 589 ms, Speed: 0.01 M/s, Resolution: None
Name: CCTV-1, URL: http://[2409:8087:5e08:24::2]:6610/000000001000/1000000005000265001/1.m3u8?channel-id=ystenlive&Contentid=1000000005000265001&livemode=1&stbId=3$订阅源, Date: None, Delay: -inf ms, Speed: inf M/s, Resolution: 1920x1080
Name: CCTV-1, URL: http://[2409:8087:74d9:21::9]/270000001128/index.m3u8?cmcc_cid=9900000001$订阅源, Date: None, Delay: -inf ms, Speed: inf M/s, Resolution: 1920x1080
Name: CCTV-1, URL: http://[2409:8087:1a0a:df::4038]/ottrrs.hl.chinamobile.com/TVOD/88888888/224/3221226016/index.m3u8$订阅源, Date: None, Delay: -inf ms, Speed: inf M/s, Resolution: 1920x1080
Name: CCTV-1, URL: http://[2409:8087:1a01:df::7005]/ottrrs.hl.chinamobile.com/TVOD/88888888/224/3221226559/index.m3u8$订阅源, Date: None, Delay: -inf ms, Speed: inf M/s, Resolution: 1920x1080
Name: CCTV-1, URL: http://[2409:8087:74d9:21::6]:80/270000001322/69900158041111100000002133/index.m3u8$订阅源, Date: None, Delay: -inf ms, Speed: inf M/s, Resolution: 1920x1080
Name: CCTV-1, URL: http://[2409:8087:1a0a:df::4031]:80/wh7f454c46tw705163907_345094122/ottrrs.hl.chinamobile.com/PLTV/88888888/224/3221226016/index.m3u8$订阅源, Date: None, Delay: -inf ms, Speed: inf M/s, Resolution: 1920x1080
Name: CCTV-1, URL: http://[2409:8087:74d9:21::6]/000000001000PLTV/88888888/224/3221226670/index.m3u8$订阅源, Date: None, Delay: -inf ms, Speed: inf M/s, Resolution: 1920x1080
Name: CCTV-1, URL: http://[2409:8087:74d9:21::6]/270000001322/69900158041111100000002133/index.m3u8$订阅源, Date: None, Delay: -inf ms, Speed: inf M/s, Resolution: 1920x1080
Name: CCTV-1, URL: http://[2409:8087:74d9:21::6]:80/000000001000PLTV/88888888/224/3221226733/index.m3u8$订阅源, Date: None, Delay: -inf ms, Speed: inf M/s, Resolution: 1920x1080
Name: CCTV-1, URL: http://[2409:8087:74f0:22::4]:6610/270000001128/9900000501/index.m3u8?channel-id=newtv&livemode=4&Contentid=9900000501$订阅源, Date: None, Delay: -inf ms, Speed: inf M/s, Resolution: 1920x1080
Name: CCTV-1, URL: http://[2409:8087:1a0a:df::4031]/ottrrs.hl.chinamobile.com/PLTV/88888888/224/3221226016/index.m3u8$订阅源, Date: None, Delay: -inf ms, Speed: inf M/s, Resolution: 1920x1080
Name: CCTV-1, URL: http://[2409:8087:1a0a:df::4031]:80/wh7f454c46tw705163907_345094122/ottrrs.hl.chinamobile.com/PLTV/88888888/224/3221226016/index.m3u8?icpid=88888888&RTS=1713967534&from=4&hms_devid=1143&online=1713967534&vqe=3$订阅源, Date: None, Delay: -inf ms, Speed: inf M/s, Resolution: 1920x1080
Name: CCTV-1, URL: http://[2409:8087:1a01:df::4077]/ottrrs.hl.chinamobile.com/PLTV/88888888/224/3221226016/1.m3u8?icpid=88888888&from=1&hms_devid=1012&vqe=3$订阅源, Date: None, Delay: -inf ms, Speed: inf M/s, Resolution: 1920x1080
Name: CCTV-1, URL: http://[2409:8087:74f0:22::4]:6410/270000001128/9900000001/index.m3u8?channel-id=newtv&livemode=4&Contentid=9900000017$订阅源, Date: None, Delay: -inf ms, Speed: inf M/s, Resolution: 1920x1080
Name: CCTV-1, URL: http://[2409:8087:5e08:24::11]:6610/000000001000/5000000004000002226/1.m3u8?channel-id=bestzb&Contentid=5000000004000002226&livemode=1&stbId=3$订阅源, Date: None, Delay: -inf ms, Speed: inf M/s, Resolution: 1920x1080
Name: CCTV-1, URL: http://[2409:8087:5e08:24::11]:6610/000000001000/6000000001000029752/1.m3u8?channel-id=wasusyt&Contentid=6000000001000029752&livemode=1&stbId=3$订阅源, Date: None, Delay: -inf ms, Speed: inf M/s, Resolution: 1920x1080
Name: CCTV-1, URL: http://[2409:8087:74f0:22::4]:6410/270000001128/9900000501/index.m3u8?channel-id=newtv$订阅源, Date: None, Delay: -inf ms, Speed: inf M/s, Resolution: 1920x1080
Name: CCTV-1, URL: http://[2409:8087:7008:20::8]/dbiptv.sn.chinamobile.com/PLTV/88888888/224/3221226231/1.m3u8$订阅源, Date: None, Delay: -inf ms, Speed: inf M/s, Resolution: 1920x1080
Name: CCTV-1, URL: http://[2409:8087:1a0a:df::4038]:80/ottrrs.hl.chinamobile.com/TVOD/88888888/224/3221226559/index.m3u8$订阅源, Date: None, Delay: -inf ms, Speed: inf M/s, Resolution: 1920x1080
Name: CCTV-1, URL: http://[2409:8087:1a01:df::7005]:80/ottrrs.hl.chinamobile.com/PLTV/88888888/224/3221226419/index.m3u8$订阅源, Date: None, Delay: -inf ms, Speed: inf M/s, Resolution: 1920x1080
Name: CCTV-1, URL: http://[2409:8087:1a01:df::7005]:80/ottrrs.hl.chinamobile.com/PLTV/2/224/3221226016/2.m3u8$订阅源, Date: None, Delay: -inf ms, Speed: inf M/s, Resolution: 1920x1080
Name: CCTV-1, URL: http://112.123.206.32:808/hls/1/index.m3u8$订阅源, Date: None, Delay: 824 ms, Speed: 0.03 M/s, Resolution: 1920x1080
Name: CCTV-1, URL: http://[2409:8087:7008:20::8]:80/dbiptv.sn.chinamobile.com/PLTV/88888888/224/3221226231/index.m3u8$订阅源, Date: None, Delay: -inf ms, Speed: inf M/s, Resolution: 1920x1080
Name: CCTV-1, URL: http://z.b.bkpcp.top/m.php?id=cctv1$订阅源, Date: None, Delay: 220 ms, Speed: 2.21 M/s, Resolution: 1920x1080
Name: CCTV-1, URL: http://[2409:8087:5e00:24::20]:6610/000000001000/1000000005000265001/1.m3u8?channel-id=ystenlive&Contentid=1000000005000265001&livemode=1&stbId=3$订阅源, Date: None, Delay: -inf ms, Speed: inf M/s, Resolution: 1920x1080
Name: CCTV-1, URL: http://[2409:8087:5e00:24::20]:6610/000000001000/1/1000000005000265001/index.m3u8?channel-id=ystenlive&Contentid=1000000005000265001&livemode=1&stbId=YanG-1989$订阅源, Date: None, Delay: -inf ms, Speed: inf M/s, Resolution: 1920x1080
Name: CCTV-1, URL: http://[2409:8087:5e00:24::2d]:6610/000000001000/1/1000000005000265001/index.m3u8?channel-id=ystenlive&Contentid=1000000005000265001&livemode=1&stbId=YanG-1989$订阅源, Date: None, Delay: -inf ms, Speed: inf M/s, Resolution: 1920x1080
Name: CCTV-1, URL: http://[2409:8087:1a01:df::7005]:80/ottrrs.hl.chinamobile.com/PLTV/88888888/224/3221226016/index.m3u8$订阅源, Date: None, Delay: -inf ms, Speed: inf M/s, Resolution: 1920x1080
Name: CCTV-1, URL: http://[2409:8087:1a0a:df::404b]/ottrrs.hl.chinamobile.com/TVOD/88888888/224/3221226559/index.m3u8$订阅源, Date: None, Delay: -inf ms, Speed: inf M/s, Resolution: 1920x1080
Name: CCTV-1, URL: http://[2409:8087:1a01:df::4077]:80/ottrrs.hl.chinamobile.com/yinhe/88888888/224/3221226016/index.m3u8$订阅源, Date: None, Delay: -inf ms, Speed: inf M/s, Resolution: 1920x1080
Name: CCTV-1, URL: http://[2409:8087:1a0a:df::4031]:80/ottrrs.hl.chinamobile.com/PLTV/88888888/224/3221226016/index.m3u8$订阅源, Date: None, Delay: -inf ms, Speed: inf M/s, Resolution: 1920x1080
Name: CCTV-1, URL: http://[2409:8087:1a01:df::4077]:80/ottrrs.hl.chinamobile.com/PLTV/88888888/8/3221226016/index.m3u8$订阅源, Date: None, Delay: -inf ms, Speed: inf M/s, Resolution: 1920x1080
Name: CCTV-1, URL: http://[2409:8087:1a01:df::4077]:80/ottrrs.hl.chinamobile.com/PLTV/88888888/224/3221226016/1.m3u8$订阅源, Date: None, Delay: -inf ms, Speed: inf M/s, Resolution: 1920x1080
Name: CCTV-1, URL: http://[2409:8087:5e20:24::d]:6610/000000001000/1000000001000018602/index.m3u8?channel-id=ystenlive&Contentid=1000000001000018602&livemode=1&stbId=3$订阅源, Date: None, Delay: -inf ms, Speed: inf M/s, Resolution: 1920x1080
Name: CCTV-1, URL: https://piccpndali.v.myalicdn.com/audio/cctv1_2.m3u8$订阅源, Date: None, Delay: 24 ms, Speed: 0.01 M/s, Resolution: None
Name: CCTV-1, URL: http://b.zgjok.com:35455/itv/1000000005000265001.m3u8?cdn=ystenlive$订阅源, Date: None, Delay: 2675 ms, Speed: 0.00 M/s, Resolution: None
Name: CCTV-1, URL: http://livetv.wqwqwq.sbs/itv/6000000001000029752.m3u8?cdn=wasusyt$订阅源, Date: None, Delay: 4270 ms, Speed: 0.00 M/s, Resolution: 1920x1080
Name: CCTV-1, URL: http://livetv.wqwqwq.sbs/itv/1000000005000265001.m3u8?cdn=ystenlive$订阅源, Date: None, Delay: 4270 ms, Speed: 0.00 M/s, Resolution: 1920x1080
Name: CCTV-1, URL: http://3501776.xyz:35455/itv/1000000005000265001.m3u8?cdn=ystenlive$订阅源, Date: None, Delay: 427 ms, Speed: 0.01 M/s, Resolution: 1920x1080
Name: CCTV-1, URL: http://[2409:8087:3869:8021:1001::e5]:6610/PLTV/88888888/224/3221225618/2/index.m3u8$订阅源, Date: None, Delay: -inf ms, Speed: inf M/s, Resolution: 1920x1080
Name: CCTV-1, URL: http://[2409:8087:3869:8021:1001::e5]:6610/PLTV/88888888/224/3221225642/2/index.m3u8$订阅源, Date: None, Delay: -inf ms, Speed: inf M/s, Resolution: 1920x1080
Name: CCTV-1, URL: http://[2409:8087:3869:8021:1001::e5]:6610/PLTV/88888888/224/3221225501/2/index.m3u8$订阅源, Date: None, Delay: -inf ms, Speed: inf M/s, Resolution: 1920x1080
Name: CCTV-1, URL: http://[2409:8087:3869:8021:1001::e5]:6610/PLTV/88888910/224/3221225642/index.m3u8$订阅源, Date: None, Delay: -inf ms, Speed: inf M/s, Resolution: 1920x1080
Name: CCTV-1, URL: https://tvpull.careryun.com/tv/cctv1.m3u8$订阅源, Date: None, Delay: 437 ms, Speed: 0.76 M/s, Resolution: 854x480
Name: CCTV-1, URL: http://play.kankanlive.com/live/1661761962676984.m3u8$订阅源, Date: None, Delay: 286 ms, Speed: 0.00 M/s, Resolution: None
Name: CCTV-1, URL: http://61.136.172.236:9901/tsfile/live/0001_1.m3u8?key=txiptv&playlive=1&authid=0$湖北酒店源, Date: None, Delay: 259 ms, Speed: 0.00 M/s, Resolution: None
Name: CCTV-1, URL: http://61.136.172.236:9901/tsfile/live/0001_1.m3u8$订阅源, Date: None, Delay: 259 ms, Speed: 0.00 M/s, Resolution: None
Name: CCTV-1, URL: http://3501776.xyz:35455/gaoma/cctv1.m3u8$订阅源, Date: None, Delay: 427 ms, Speed: 0.01 M/s, Resolution: 1920x1080
Name: CCTV-1, URL: https://api.olelive.com/dis/live/CCTV1HD/hls.m3u8$订阅源, Date: None, Delay: 4 ms, Speed: 0.06 M/s, Resolution: 1920x1080
Name: CCTV-1, URL: http://1.itv.nctv.top:35455/gaoma/cctv1.m3u8$订阅源, Date: None, Delay: 210 ms, Speed: 0.01 M/s, Resolution: None
Name: CCTV-1, URL: http://1.itv.nctv.top:35455/itv/1000000005000265001.m3u8?cdn=ystenlive$订阅源, Date: None, Delay: 210 ms, Speed: 0.01 M/s, Resolution: None
Name: CCTV-1, URL: http://111.31.22.5/cache.ott.fifalive.itv.cmvideo.cn/000000001000/1.m3u8?channel-id=ystenlive&Contentid=1000000005000265001&livemode=1&stbId=3$订阅源, Date: None, Delay: 222 ms, Speed: 0.00 M/s, Resolution: None
Name: CCTV-1, URL: http://58.220.219.14:9901/tsfile/live/0001_1.m3u8$订阅源, Date: None, Delay: 1011 ms, Speed: 0.00 M/s, Resolution: None
Name: CCTV-1, URL: http://[2409:8087:1a01:df::4077]/PLTV/88888888/224/3221225816/index.m3u8$订阅源, Date: None, Delay: -inf ms, Speed: inf M/s, Resolution: 1920x1080
Name: CCTV-1, URL: http://[2409:8087:7000:20:1000::22]:6060/yinhe/2/ch00000090990000001331/index.m3u8?virtualDomain=yinhe.live_hls.zte.com$订阅源, Date: None, Delay: -inf ms, Speed: inf M/s, Resolution: 1920x1080
Name: CCTV-1, URL: http://[2409:8087:2001:20:2800:0:df6e:eb07]:80/wh7f454c46tw1527557465_-1431215922/ott.mobaibox.com/PLTV/3/224/3221227375/index.m3u8?icpid=3&RTS=1674385937&from=40&popid=40&hms_devid=2036&prioritypopid=40&vqe=3$订阅源, Date: None, Delay: -inf ms, Speed: inf M/s, Resolution: 1920x1080
Name: CCTV-1, URL: http://[2409:8087:2001:20:2800:0:df6e:eb10]:80/wh7f454c46tw1750297731_174117004/ott.mobaibox.com/PLTV/3/224/3221227736/index.m3u8?icpid=3&RTS=1674386160&from=40&popid=40&hms_devid=2110&prioritypopid=40&vqe=3$订阅源, Date: None, Delay: -inf ms, Speed: inf M/s, Resolution: 1920x1080
Name: CCTV-1, URL: http://[2409:8087:2001:20:2800:0:df6e:eb11]:80/wh7f454c46tw1750497522_339657307/ott.mobaibox.com/PLTV/3/224/3221227739/index.m3u8?icpid=3&RTS=1674386160&from=40&popid=40&hms_devid=2110&prioritypopid=40&vqe=3$订阅源, Date: None, Delay: -inf ms, Speed: inf M/s, Resolution: 1920x1080
Name: CCTV-1, URL: http://[2409:8087:2001:20:2800:0:df6e:eb08]:80/wh7f454c46tw1528000783_-231655737/ott.mobaibox.com/PLTV/3/224/3221228049/index.m3u8?icpid=3&RTS=1674385938&from=40&popid=40&hms_devid=2037&prioritypopid=40&vqe=3$订阅源, Date: None, Delay: -inf ms, Speed: inf M/s, Resolution: 1920x1080
Name: CCTV-1, URL: http://[2409:8087:2001:20:2800:0:df6e:eb12]:80/wh7f454c46tw3964691378_-587544707/ott.mobaibox.com/PLTV/3/224/3221227462/index.m3u8?icpid=3&RTS=1674379785&from=40&ocs=2_2409:8087:2004:20:2800:0:df6e:ec0d_80&popid=40&hms_devid=2112&prioritypopid=40&vqe=3$订阅源, Date: None, Delay: -inf ms, Speed: inf M/s, Resolution: 1920x1080
Name: CCTV-1, URL: http://[2409:8087:2001:20:2800:0:df6e:eb12]:80/wh7f454c46tw3964843858_1182658871/ott.mobaibox.com/PLTV/3/224/3221227634/index.m3u8?icpid=3&RTS=1674379785&from=40&ocs=2_2409:8087:2001:20:2800:0:df6e:eb0f_80&popid=40&hms_devid=2112&prioritypopid=40&vqe=3$订阅源, Date: None, Delay: -inf ms, Speed: inf M/s, Resolution: 1920x1080
Name: CCTV-1, URL: http://[2409:8087:2001:20:2800:0:df6e:eb14]:80/wh7f454c46tw3964515718_-284491133/ott.mobaibox.com/PLTV/3/224/3221227431/index.m3u8?icpid=3&RTS=1674379784&from=40&ocs=2_2409:8087:2004:20:2800:0:df6e:ec14_80&popid=40&hms_devid=2115&prioritypopid=40&vqe=3$订阅源, Date: None, Delay: -inf ms, Speed: inf M/s, Resolution: 1920x1080
Name: CCTV-1, URL: http://www.terrykang.xyz:35455/itv/1000000005000265001.m3u8?cdn=ystenlive$订阅源, Date: None, Delay: 546 ms, Speed: 0.00 M/s, Resolution: 1920x1080
Name: CCTV-1, URL: http://home.wwang.pw:35455/itv/1000000005000265001.m3u8?cdn=ystenlive$订阅源, Date: None, Delay: 489 ms, Speed: 0.01 M/s, Resolution: None
Name: CCTV-1, URL: http://58.220.219.14:9901/tsfile/live/0001_1.m3u8?key=txiptv&playlive=1&authid=0$订阅源, Date: None, Delay: 1011 ms, Speed: 0.00 M/s, Resolution: None
Name: CCTV-1, URL: http://116.128.242.83:9901/tsfile/live/0001_1.m3u8?key=txiptv&playlive=1&authid=0$北京酒店源, Date: None, Delay: 1692 ms, Speed: 0.00 M/s, Resolution: None
Name: CCTV-1, URL: http://117.144.58.42:35455/gaoma/cctv1.m3u8$订阅源, Date: None, Delay: 1690 ms, Speed: 0.00 M/s, Resolution: None
Name: CCTV-1, URL: http://202.100.46.58:9901/tsfile/live/1000_1.m3u8?key=txiptv&playlive=1&authid=0$订阅源, Date: None, Delay: 594 ms, Speed: 0.02 M/s, Resolution: None
Name: CCTV-1, URL: http://219.145.93.74:9999/tsfile/live/0001_1.m3u8$订阅源, Date: None, Delay: 274 ms, Speed: 0.05 M/s, Resolution: 1920x1080
Name: CCTV-1, URL: http://116.128.242.83:9901/tsfile/live/0001_1.m3u8$订阅源, Date: None, Delay: 1692 ms, Speed: 0.00 M/s, Resolution: None
Name: CCTV-1, URL: http://202.100.46.58:9901/tsfile/live/1000_1.m3u8$订阅源, Date: None, Delay: 594 ms, Speed: 0.02 M/s, Resolution: None
Name: CCTV-1, URL: http://hangfun.top:35455/gaoma/cctv1.m3u8$订阅源, Date: None, Delay: 4827 ms, Speed: 0.00 M/s, Resolution: 1920x1080
Name: CCTV-1, URL: http://dsm.huarunguoji.top:35455/itv/1000000005000265001.m3u8?cdn=ystenlive$订阅源, Date: None, Delay: 2110 ms, Speed: 0.00 M/s, Resolution: 1920x1080
Name: CCTV-1, URL: http://219.135.180.210:18888/hls/1/index.m3u8$订阅源, Date: None, Delay: 261 ms, Speed: 0.05 M/s, Resolution: None
Name: CCTV-1, URL: http://2000.run:35455/itv/1000000005000265001.m3u8?cdn=ystenlive$订阅源, Date: None, Delay: 620 ms, Speed: 0.00 M/s, Resolution: None
Name: CCTV-1, URL: http://bg5aqv.top:35455/itv/1000000005000265001.m3u8?cdn=ystenlive$订阅源, Date: None, Delay: 430 ms, Speed: 0.01 M/s, Resolution: 1920x1080
Name: CCTV-1, URL: http://110.7.130.44:8096/tsfile/live/0001_1.m3u8$订阅源, Date: None, Delay: 1577 ms, Speed: 0.01 M/s, Resolution: None
Name: CCTV-1, URL: http://bg5aqv.top:35455/gaoma/cctv1.m3u8$订阅源, Date: None, Delay: 430 ms, Speed: 0.01 M/s, Resolution: 1920x1080
Name: CCTV-1, URL: http://dsm.huarunguoji.top:35455/gaoma/cctv1.m3u8$订阅源, Date: None, Delay: 2110 ms, Speed: 0.00 M/s, Resolution: 1920x1080
Name: CCTV-1, URL: http://2000.run:35455/gaoma/cctv1.m3u8$订阅源, Date: None, Delay: 620 ms, Speed: 0.00 M/s, Resolution: None
Name: CCTV-1, URL: http://112.46.85.60:8009/hls/501/index.m3u8$订阅源, Date: None, Delay: 307 ms, Speed: 0.02 M/s, Resolution: None
Name: CCTV-1, URL: http://lt.hxtre.com:35455/gaoma/cctv1.m3u8$订阅源, Date: None, Delay: 2296 ms, Speed: 0.00 M/s, Resolution: None
Name: CCTV-1, URL: http://60.29.124.66:6080/hls/12/index.m3u8$订阅源, Date: None, Delay: 249 ms, Speed: 0.02 M/s, Resolution: None
Name: CCTV-1, URL: http://110.53.52.63:8888/newlive/live/hls/2/live.m3u8$订阅源, Date: None, Delay: 507 ms, Speed: 0.10 M/s, Resolution: 1920x1080
Name: CCTV-1, URL: http://123.182.60.29:9002/hls/1/index.m3u8$订阅源, Date: None, Delay: 488 ms, Speed: 0.04 M/s, Resolution: None
Name: CCTV-1, URL: http://116.9.204.242:9901/tsfile/live/0001_1.m3u8?key=txiptv&playlive=1&authid=0$订阅源, Date: None, Delay: 1616 ms, Speed: 0.02 M/s, Resolution: None
Name: CCTV-1, URL: http://kkk.jjjj.jiduo.me/api.php?n=tttt&id=1880&tk=f6cc1e0a0e1a$订阅源, Date: None, Delay: 67 ms, Speed: 0.00 M/s, Resolution: None
Name: CCTV-1, URL: http://kkk.jjjj.jiduo.me/api.php?n=tttt&id=8786&tk=f6cc1e0a0e1a$订阅源, Date: None, Delay: 67 ms, Speed: 0.00 M/s, Resolution: None
Name: CCTV-1, URL: http://kkk.jjjj.jiduo.me/api.php?n=tttt&id=1531&tk=f6cc1e0a0e1a$订阅源, Date: None, Delay: 67 ms, Speed: 0.00 M/s, Resolution: None
Name: CCTV-1, URL: http://kkk.jjjj.jiduo.me/api.php?n=tttt&id=4146&tk=f6cc1e0a0e1a$订阅源, Date: None, Delay: 67 ms, Speed: 0.00 M/s, Resolution: None
Name: CCTV-1, URL: http://kkk.jjjj.jiduo.me/api.php?n=tttt&id=8656&tk=f6cc1e0a0e1a$订阅源, Date: None, Delay: 67 ms, Speed: 0.00 M/s, Resolution: None
Name: CCTV-1, URL: http://kkk.jjjj.jiduo.me/api.php?n=tttt&id=3072&tk=f6cc1e0a0e1a$订阅源, Date: None, Delay: 67 ms, Speed: 0.00 M/s, Resolution: None
Name: CCTV-1, URL: http://kkk.jjjj.jiduo.me/api.php?n=tttt&id=3770&tk=f6cc1e0a0e1a$订阅源, Date: None, Delay: 67 ms, Speed: 0.00 M/s, Resolution: None
Name: CCTV-1, URL: http://kkk.jjjj.jiduo.me/api.php?n=tttt&id=4290&tk=f6cc1e0a0e1a$订阅源, Date: None, Delay: 67 ms, Speed: 0.00 M/s, Resolution: None
Name: CCTV-1, URL: http://115.120.210.199/proxy/jsyd.php?p=gitv&id=G_CCTV-1-AVS-4K264.m3u8$订阅源, Date: None, Delay: 52 ms, Speed: 0.01 M/s, Resolution: None
Name: CCTV-1, URL: http://111.170.172.113:35455/itv/1000000005000265001.m3u8?cdn=ystenlive$订阅源, Date: None, Delay: 559 ms, Speed: 0.00 M/s, Resolution: None
Name: CCTV-1, URL: http://lt.hxtre.com:35455/itv/1000000005000265001.m3u8?cdn=ystenlive$订阅源, Date: None, Delay: 2296 ms, Speed: 0.00 M/s, Resolution: None
Name: CCTV-1, URL: http://117.27.190.42:9998/tsfile/live/23232_1.m3u8$订阅源, Date: None, Delay: 8571 ms, Speed: 0.01 M/s, Resolution: None
Name: CCTV-1, URL: http://183.191.144.167:9003/hls/1/index.m3u8$订阅源, Date: None, Delay: 256 ms, Speed: 0.02 M/s, Resolution: None
Name: CCTV-1, URL: http://175.6.162.5:35455/gaoma/cctv1.m3u8$订阅源, Date: None, Delay: 314 ms, Speed: 0.00 M/s, Resolution: None
Name: CCTV-1, URL: http://175.6.162.5:35455/itv/1000000005000265001.m3u8?cdn=ystenlive$订阅源, Date: None, Delay: 314 ms, Speed: 0.00 M/s, Resolution: None
Name: CCTV-1, URL: http://121.33.239.242:9901/tsfile/live/0001_1.m3u8$订阅源, Date: None, Delay: 2794 ms, Speed: 0.01 M/s, Resolution: None
Name: CCTV-1, URL: http://120.197.43.179:9901/tsfile/live/0001_1.m3u8$订阅源, Date: None, Delay: 1946 ms, Speed: 0.01 M/s, Resolution: None
Name: CCTV-1, URL: http://113.140.86.162:8009/hls/501/index.m3u8$订阅源, Date: None, Delay: 302 ms, Speed: 0.06 M/s, Resolution: None
Name: CCTV-1, URL: http://111.170.172.113:35455/gaoma/cctv1.m3u8$订阅源, Date: None, Delay: 559 ms, Speed: 0.00 M/s, Resolution: None
Name: CCTV-1, URL: http://kkk.jjjj.jiduo.me/api.php?n=tttt&id=3300&tk=e503191f8e20$订阅源, Date: None, Delay: 67 ms, Speed: 0.00 M/s, Resolution: None
Name: CCTV-1, URL: http://kkk.jjjj.jiduo.me/api.php?n=tttt&id=8619&tk=e503191f8e20$订阅源, Date: None, Delay: 67 ms, Speed: 0.00 M/s, Resolution: None
Name: CCTV-1, URL: http://kkk.jjjj.jiduo.me/api.php?n=tttt&id=8926&tk=b53028476470$订阅源, Date: None, Delay: 67 ms, Speed: 0.00 M/s, Resolution: None
Name: CCTV-1, URL: http://kkk.jjjj.jiduo.me/api.php?n=tttt&id=2992&tk=e503191f8e20$订阅源, Date: None, Delay: 67 ms, Speed: 0.00 M/s, Resolution: None
Name: CCTV-1, URL: http://kkk.jjjj.jiduo.me/api.php?n=tttt&id=8318&tk=2aca1ad9a849$订阅源, Date: None, Delay: 67 ms, Speed: 0.00 M/s, Resolution: None
Name: CCTV-1, URL: http://kkk.jjjj.jiduo.me/api.php?n=tttt&id=3943&tk=b53028476470$订阅源, Date: None, Delay: 67 ms, Speed: 0.00 M/s, Resolution: None
Name: CCTV-1, URL: http://kkk.jjjj.jiduo.me/api.php?n=tttt&id=7418&tk=b53028476470$订阅源, Date: None, Delay: 67 ms, Speed: 0.00 M/s, Resolution: None
Name: CCTV-1, URL: http://kkk.jjjj.jiduo.me/api.php?n=tttt&id=1851&tk=b53028476470$订阅源, Date: None, Delay: 67 ms, Speed: 0.00 M/s, Resolution: None
Name: CCTV-1, URL: http://kkk.jjjj.jiduo.me/api.php?n=tttt&id=7928&tk=e503191f8e20$订阅源, Date: None, Delay: 67 ms, Speed: 0.00 M/s, Resolution: None
Name: CCTV-1, URL: http://kkk.jjjj.jiduo.me/api.php?n=tttt&id=7689&tk=e503191f8e20$订阅源, Date: None, Delay: 67 ms, Speed: 0.00 M/s, Resolution: None
Name: CCTV-1, URL: http://kkk.jjjj.jiduo.me/api.php?n=tttt&id=9659&tk=b53028476470$订阅源, Date: None, Delay: 67 ms, Speed: 0.00 M/s, Resolution: None
Name: CCTV-1, URL: http://kkk.jjjj.jiduo.me/api.php?n=tttt&id=0078&tk=b53028476470$订阅源, Date: None, Delay: 67 ms, Speed: 0.00 M/s, Resolution: None
Name: CCTV-1, URL: http://kkk.jjjj.jiduo.me/api.php?n=tttt&id=1045&tk=b53028476470$订阅源, Date: None, Delay: 67 ms, Speed: 0.00 M/s, Resolution: None
Name: CCTV-1, URL: http://kkk.jjjj.jiduo.me/api.php?n=tttt&id=2569&tk=e503191f8e20$订阅源, Date: None, Delay: 67 ms, Speed: 0.00 M/s, Resolution: None
Name: CCTV-1, URL: http://kkk.jjjj.jiduo.me/api.php?n=tttt&id=9282&tk=e503191f8e20$订阅源, Date: None, Delay: 67 ms, Speed: 0.00 M/s, Resolution: None
Name: CCTV-1, URL: http://kkk.jjjj.jiduo.me/api.php?n=tttt&id=7664&tk=b53028476470$订阅源, Date: None, Delay: 67 ms, Speed: 0.00 M/s, Resolution: None
Name: CCTV-1, URL: http://kkk.jjjj.jiduo.me/api.php?n=tttt&id=6804&tk=b53028476470$订阅源, Date: None, Delay: 67 ms, Speed: 0.00 M/s, Resolution: None
Name: CCTV-1, URL: http://222.240.220.198:9901/tsfile/live/0001_1.m3u8$订阅源, Date: None, Delay: 941 ms, Speed: 0.05 M/s, Resolution: None
Name: CCTV-1, URL: http://117.27.190.42:9998/tsfile/live/23232_1.m3u8?key=txiptv$订阅源, Date: None, Delay: 8571 ms, Speed: 0.01 M/s, Resolution: None
Name: CCTV-1, URL: http://kkk.jjjj.jiduo.me/api.php?n=tttt&id=0099&tk=777be9e2ccb2$订阅源, Date: None, Delay: 67 ms, Speed: 0.00 M/s, Resolution: None
Name: CCTV-1, URL: http://kkk.jjjj.jiduo.me/api.php?n=tttt&id=0602&tk=777be9e2ccb2$订阅源, Date: None, Delay: 67 ms, Speed: 0.00 M/s, Resolution: None
Name: CCTV-1, URL: http://kkk.jjjj.jiduo.me/api.php?n=tttt&id=2166&tk=777be9e2ccb2$订阅源, Date: None, Delay: 67 ms, Speed: 0.00 M/s, Resolution: None
Name: CCTV-1, URL: http://kkk.jjjj.jiduo.me/api.php?n=tttt&id=2302&tk=777be9e2ccb2$订阅源, Date: None, Delay: 67 ms, Speed: 0.00 M/s, Resolution: None
Name: CCTV-1, URL: http://kkk.jjjj.jiduo.me/api.php?n=tttt&id=5968&tk=777be9e2ccb2$订阅源, Date: None, Delay: 67 ms, Speed: 0.00 M/s, Resolution: None
Name: CCTV-1, URL: http://kkk.jjjj.jiduo.me/api.php?n=tttt&id=3606&tk=777be9e2ccb2$订阅源, Date: None, Delay: 67 ms, Speed: 0.00 M/s, Resolution: None
Name: CCTV-1, URL: http://kkk.jjjj.jiduo.me/api.php?n=tttt&id=5251&tk=777be9e2ccb2$订阅源, Date: None, Delay: 67 ms, Speed: 0.00 M/s, Resolution: None
Name: CCTV-1, URL: http://kkk.jjjj.jiduo.me/api.php?n=tttt&id=9168&tk=777be9e2ccb2$订阅源, Date: None, Delay: 67 ms, Speed: 0.00 M/s, Resolution: None
Name: CCTV-1, URL: http://kkk.jjjj.jiduo.me/api.php?n=tttt&id=8623&tk=777be9e2ccb2$订阅源, Date: None, Delay: 67 ms, Speed: 0.00 M/s, Resolution: None
Name: CCTV-1, URL: http://kkk.jjjj.jiduo.me/api.php?n=tttt&id=8749&tk=777be9e2ccb2$订阅源, Date: None, Delay: 67 ms, Speed: 0.00 M/s, Resolution: None
Name: CCTV-2, URL: http://[2409:8087:5e08:24::2]:6610/000000001000/5000000011000031101/index.m3u8?channel-id=bestzb&Contentid=5000000011000031101&livemode=1&stbId=3$订阅源, Date: None, Delay: -inf ms, Speed: inf M/s, Resolution: 1920x1080
Name: CCTV-2, URL: http://[2409:8087:5e00:24::1e]:6060/000000001000/1000000001000023315/1.m3u8$订阅源, Date: None, Delay: -inf ms, Speed: inf M/s, Resolution: 1920x1080
Name: CCTV-2, URL: http://[2409:8087:5e00:24::1e]:6060/000000001000/1000000001000012442/1.m3u8$订阅源, Date: None, Delay: -inf ms, Speed: inf M/s, Resolution: 1920x1080
Name: CCTV-2, URL: http://[2409:8087:1a0a:df::4038]/ottrrs.hl.chinamobile.com/TVOD/88888888/224/3221225588/index.m3u8$订阅源, Date: None, Delay: -inf ms, Speed: inf M/s, Resolution: 1920x1080
Name: CCTV-2, URL: http://[2409:8087:1a01:df::7005]/ottrrs.hl.chinamobile.com/PLTV/2/224/3221225588/2.m3u8$订阅源, Date: None, Delay: -inf ms, Speed: inf M/s, Resolution: 1920x1080
Name: CCTV-2, URL: http://[2409:8087:1a0a:df::404b]:80/ottrrs.hl.chinamobile.com/PLTV/88888888/224/3221225588/index.m3u8$订阅源, Date: None, Delay: -inf ms, Speed: inf M/s, Resolution: 1920x1080
Name: CCTV-2, URL: http://[2409:8087:1a01:df::4077]/ottrrs.hl.chinamobile.com/PLTV/88888888/8/3221225588/index.m3u8$订阅源, Date: None, Delay: -inf ms, Speed: inf M/s, Resolution: 1920x1080
Name: CCTV-2, URL: http://[2409:8087:5e01:34::22]:6610/ZTE_CMS/00000001000000060000000000000372/index.m3u8?IAS$订阅源, Date: None, Delay: -inf ms, Speed: inf M/s, Resolution: 1920x1080
Name: CCTV-2, URL: http://[2409:8087:5e01:34::38]:6610/ZTE_CMS/00000001000000060000000000000372/index.m3u8?$订阅源, Date: None, Delay: -inf ms, Speed: inf M/s, Resolution: 1920x1080
Name: CCTV-2, URL: http://[2409:8087:1a01:df::4077]/ottrrs.hl.chinamobile.com/PLTV/88888888/8/3221225588/index.m3u8?$订阅源, Date: None, Delay: -inf ms, Speed: inf M/s, Resolution: 1920x1080
Name: CCTV-2, URL: http://[2409:8087:5e00:24::1e]:6060/200000001898/460000089800010211/1.m3u8?$订阅源, Date: None, Delay: -inf ms, Speed: inf M/s, Resolution: 1920x1080
Name: CCTV-2, URL: http://[2409:8087:1a01:df::4077]/ottrrs.hl.chinamobile.com/yinhe/88888888/8/3221225588/index.m3u8$订阅源, Date: None, Delay: -inf ms, Speed: inf M/s, Resolution: 1920x1080
Name: CCTV-2, URL: http://[2409:8087:5e00:24::1f]:6060/ZTE_CMS/00000001000000060000000000000372/index.m3u8$订阅源, Date: None, Delay: -inf ms, Speed: inf M/s, Resolution: 1920x1080
Name: CCTV-2, URL: http://[2409:8087:5e00:24::1e]:6060/200000001898/460000089800010211/index.m3u8$订阅源, Date: None, Delay: -inf ms, Speed: inf M/s, Resolution: 1920x1080
Name: CCTV-2, URL: http://[2409:8087:5e01:34::22]:6610/ZTE_CMS/00000001000000060000000000000372/index.m3u8?key=tvbox6_com$订阅源, Date: None, Delay: -inf ms, Speed: inf M/s, Resolution: 1920x1080
Name: CCTV-2, URL: http://[2409:8087:1a01:df::7005]:80/ottrrs.hl.chinamobile.com/PLTV/88888888/224/3221226540/index.m3u8$订阅源, Date: None, Delay: -inf ms, Speed: inf M/s, Resolution: 1920x1080
Name: CCTV-2, URL: http://[2409:8087:4c0a:22:1::11]:6410/170000001115/UmaiCHAN5000036BESTVSMGSMG/index.m3u8?AuthInfo=9kOOdBn7MFF%2F2bWjKgahUSpr1AVNI633ampcuzdN%2BfGVSARKsxkWGZw7vFUuOj2QZHeRzosIxVbl7i2QHFATHA3k5wDWG1qHkZQAleNv%2FbI$订阅源, Date: None, Delay: -inf ms, Speed: inf M/s, Resolution: 1920x1080
Name: CCTV-2, URL: http://[2409:8087:1a01:df::7005]/ottrrs.hl.chinamobile.com/PLTV/88888888/224/3221226540/index.m3u8$订阅源, Date: None, Delay: -inf ms, Speed: inf M/s, Resolution: 1920x1080
Name: CCTV-2, URL: http://[2409:8087:5e01:34::20]:6610/ZTE_CMS/00000001000000060000000000000372/index.m3u8?IAS$订阅源, Date: None, Delay: -inf ms, Speed: inf M/s, Resolution: 1920x1080
Name: CCTV-2, URL: http://[2409:8087:5e01:34::21]:6610/ZTE_CMS/00000001000000060000000000000372/index.m3u8?IAS$订阅源, Date: None, Delay: -inf ms, Speed: inf M/s, Resolution: 1920x1080
Name: CCTV-2, URL: http://[2409:8087:5e01:34::23]:6610/ZTE_CMS/00000001000000060000000000000372/index.m3u8?IAS$订阅源, Date: None, Delay: -inf ms, Speed: inf M/s, Resolution: 1920x1080
Name: CCTV-2, URL: http://[2409:8087:2001:20:2800:0:df6e:eb12]/ott.mobaibox.com/PLTV/3/224/3221227543/index.m3u8$订阅源, Date: None, Delay: -inf ms, Speed: inf M/s, Resolution: 1920x1080
Name: CCTV-2, URL: http://[2409:8087:3c02:0021:0000:0001:0000:100a]:6410/shandong_cabletv.live.zte.com////CHANNEL00000317/index.m3u8?IASHttpSessionId=$订阅源, Date: None, Delay: -inf ms, Speed: inf M/s, Resolution: 1920x1080
Name: CCTV-2, URL: http://[2409:8087:74d9:21::6]:80/270000001128/9900000502/index.m3u8$订阅源, Date: None, Delay: -inf ms, Speed: inf M/s, Resolution: 1920x1080
Name: CCTV-2, URL: http://[2409:8087:5e00:24::1e]:6060/200000001898/460000089800010211/1.m3u8$订阅源, Date: None, Delay: -inf ms, Speed: inf M/s, Resolution: 1920x1080
Name: CCTV-2, URL: http://[2409:8087:5e00:24::11]:6060/200000001898/460000089800010211/$订阅源, Date: None, Delay: -inf ms, Speed: inf M/s, Resolution: 1920x1080
Name: CCTV-2, URL: http://[2409:8087:5e00:24::1e]:6060/200000001898/460000089800010211/$订阅源, Date: None, Delay: -inf ms, Speed: inf M/s, Resolution: 1920x1080
Name: CCTV-2, URL: http://[2409:8087:5e00:24::1e]:6060/000000001000/5000000005000031113/1.m3u8$订阅源, Date: None, Delay: -inf ms, Speed: inf M/s, Resolution: 1920x1080
Name: CCTV-2, URL: http://[2409:8087:5e08:24::17]:6610/000000001000/6000000001000014161/1.m3u8?channel-id=wasusyt&Contentid=6000000001000014161&livemode=1&stbId=3$订阅源, Date: None, Delay: -inf ms, Speed: inf M/s, Resolution: 1920x1080
Name: CCTV-2, URL: http://[2409:8087:74d9:21::9]:80/270000001128/index.m3u8?cmcc_cid=9900000502$订阅源, Date: None, Delay: -inf ms, Speed: inf M/s, Resolution: 1920x1080
Name: CCTV-2, URL: http://[2409:8087:74d9:21::6]:80/000000001000PLTV/88888888/224/3221226676/index.m3u8$订阅源, Date: None, Delay: -inf ms, Speed: inf M/s, Resolution: 1920x1080
Name: CCTV-2, URL: http://[2409:8087:5e08:24::11]:6610/000000001000/5000000011000031101/index.m3u8?channel-id=bestzb&Contentid=5000000011000031101&livemode=1&stbId=3$订阅源, Date: None, Delay: -inf ms, Speed: inf M/s, Resolution: 1920x1080
Name: CCTV-2, URL: http://[2409:8087:5e08:24::11]:6610/000000001000/6000000001000014161/1.m3u8?channel-id=wasusyt&Contentid=6000000001000014161&livemode=1&stbId=3$订阅源, Date: None, Delay: -inf ms, Speed: inf M/s, Resolution: 1920x1080
Name: CCTV-2, URL: http://[2409:8087:5e00:24::1e]:6060/000000001000/1000000001000012442/index.m3u8?channel-id=ystenlive&Contentid=1000000001000012442&livemode=1&stbId=3$订阅源, Date: None, Delay: -inf ms, Speed: inf M/s, Resolution: 1920x1080
Name: CCTV-2, URL: http://[2409:8087:74f0:22::4]:6410/270000001128/9900000502/index.m3u8?$订阅源, Date: None, Delay: -inf ms, Speed: inf M/s, Resolution: 1920x1080
Name: CCTV-2, URL: http://[2409:8087:1a01:df::7005]/ottrrs.hl.chinamobile.com/PLTV/88888888/8/3221225588/index.m3u8$订阅源, Date: None, Delay: -inf ms, Speed: inf M/s, Resolution: 1920x1080
Name: CCTV-2, URL: http://[2409:8087:5e08:24::17]:6610/000000001000/1000000001000023315/1.m3u8?channel-id=ystenlive&Contentid=1000000001000023315&livemode=1&stbId=3$订阅源, Date: None, Delay: -inf ms, Speed: inf M/s, Resolution: 1920x1080
Name: CCTV-2, URL: http://[2409:8087:74d6:22::7]:6410/270000001128/9900000502/index.m3u8?$订阅源, Date: None, Delay: -inf ms, Speed: inf M/s, Resolution: 1920x1080
Name: CCTV-2, URL: http://[2409:8087:74f0:22::4]:6410/270000001128/9900000502/index.m3u8?channel-id=newtv&livemode=4&Contentid=9900000502$订阅源, Date: None, Delay: -inf ms, Speed: inf M/s, Resolution: 1920x1080
Name: CCTV-2, URL: http://[2409:8087:74d9:21::9]/270000001128/index.m3u8?cmcc_cid=9900000502$订阅源, Date: None, Delay: -inf ms, Speed: inf M/s, Resolution: 1920x1080
Name: CCTV-2, URL: http://[2409:8087:74d6:22::7]:6410/270000001128/9900000502/index.m3u8?channel-id=newtv&Ace$订阅源, Date: None, Delay: -inf ms, Speed: inf M/s, Resolution: 1920x1080
Name: CCTV-2, URL: http://58.19.43.46:9901/tsfile/live/1021_1.m3u8$订阅源, Date: None, Delay: 1127 ms, Speed: 0.02 M/s, Resolution: 1920x1080
Name: CCTV-2, URL: http://220.170.241.204:9901/tsfile/live/0002_1.m3u8$订阅源, Date: None, Delay: 279 ms, Speed: 0.01 M/s, Resolution: 720x576
Name: CCTV-2, URL: http://116.9.204.242:9901/tsfile/live/0002_1.m3u8$订阅源, Date: None, Delay: 1616 ms, Speed: 0.02 M/s, Resolution: 720x576
Name: CCTV-2, URL: http://61.138.128.226:19901/tsfile/live/0002_1.m3u8$订阅源, Date: None, Delay: 589 ms, Speed: 0.01 M/s, Resolution: None
Name: CCTV-2, URL: http://[2409:8087:5e08:24::2]:6610/000000001000/1000000001000023315/1.m3u8?channel-id=ystenlive&Contentid=1000000001000023315&livemode=1&stbId=3$订阅源, Date: None, Delay: -inf ms, Speed: inf M/s, Resolution: 1920x1080
Name: CCTV-2, URL: http://[2409:8087:1a01:df::7005]:80/ottrrs.hl.chinamobile.com/PLTV/88888888/8/3221225588/index.m3u8$订阅源, Date: None, Delay: -inf ms, Speed: inf M/s, Resolution: 1920x1080
Name: CCTV-2, URL: http://[2409:8087:1a0a:df::4031]/ottrrs.hl.chinamobile.com/PLTV/88888888/224/3221225588/index.m3u8$订阅源, Date: None, Delay: -inf ms, Speed: inf M/s, Resolution: 1920x1080
Name: CCTV-2, URL: http://[2409:8087:74f0:22::4]:6410/270000001128/9900000502/index.m3u8?channel-id=newtv&livemode=4&Contentid=9900000222$订阅源, Date: None, Delay: -inf ms, Speed: inf M/s, Resolution: 1920x1080
Name: CCTV-2, URL: http://[2409:8087:1a01:df::406f]:80/wh7f454c46tw1241164675_1575082505/ottrrs.hl.chinamobile.com/PLTV/88888888/224/3221226540/index.m3u8?icpid=88888888&RTS=1713968070&from=4&hms_devid=692&prioritypopid=4&online=1713968070&vqe=3$订阅源, Date: None, Delay: -inf ms, Speed: inf M/s, Resolution: 1920x1080
Name: CCTV-2, URL: http://[2409:8087:74d9:21::6]/000000001000PLTV/88888888/224/3221226676/index.m3u8$订阅源, Date: None, Delay: -inf ms, Speed: inf M/s, Resolution: 1920x1080
Name: CCTV-2, URL: http://[2409:8087:5e08:24::11]:6610/000000001000/1000000001000023315/1.m3u8?channel-id=ystenlive&Contentid=1000000001000023315&livemode=1&stbId=3$订阅源, Date: None, Delay: -inf ms, Speed: inf M/s, Resolution: 1920x1080
Name: CCTV-2, URL: http://[2409:8087:74f0:22::4]:6410/270000001128/9900000502/index.m3u8?channel-id=newtv$订阅源, Date: None, Delay: -inf ms, Speed: inf M/s, Resolution: 1920x1080
Name: CCTV-2, URL: http://[2409:8087:7008:20::8]/dbiptv.sn.chinamobile.com/PLTV/88888888/224/3221226195/1.m3u8$订阅源, Date: None, Delay: -inf ms, Speed: inf M/s, Resolution: 1920x1080
Name: CCTV-2, URL: http://[2409:8087:1a0a:df::4038]:80/ottrrs.hl.chinamobile.com/TVOD/88888888/224/3221225588/index.m3u8$订阅源, Date: None, Delay: -inf ms, Speed: inf M/s, Resolution: 1920x1080
Name: CCTV-2, URL: http://[2409:8087:1a01:df::4077]:80/ottrrs.hl.chinamobile.com/PLTV/88888888/8/3221225588/index.m3u8$订阅源, Date: None, Delay: -inf ms, Speed: inf M/s, Resolution: 1920x1080
Name: CCTV-2, URL: http://[2409:8087:1a01:df::7005]:80/ottrrs.hl.chinamobile.com/PLTV/2/224/3221225588/2.m3u8$订阅源, Date: None, Delay: -inf ms, Speed: inf M/s, Resolution: 1920x1080
Name: CCTV-2, URL: http://[2409:8087:7008:20::8]:80/dbiptv.sn.chinamobile.com/PLTV/88888888/224/3221226195/1.m3u8$订阅源, Date: None, Delay: -inf ms, Speed: inf M/s, Resolution: 1920x1080
Name: CCTV-2, URL: http://112.123.206.32:808/hls/2/index.m3u8$订阅源, Date: None, Delay: 824 ms, Speed: 0.03 M/s, Resolution: 1920x1080
Name: CCTV-2, URL: http://[2409:8087:1a01:df::4077]:80/ottrrs.hl.chinamobile.com/yinhe/88888888/8/3221225588/index.m3u8$订阅源, Date: None, Delay: -inf ms, Speed: inf M/s, Resolution: 1920x1080
Name: CCTV-2, URL: http://[2409:8087:7008:20::8]:80/dbiptv.sn.chinamobile.com/PLTV/88888888/224/3221226195/index.m3u8$订阅源, Date: None, Delay: -inf ms, Speed: inf M/s, Resolution: 1920x1080
Name: CCTV-2, URL: http://z.b.bkpcp.top/m.php?id=cctv2$订阅源, Date: None, Delay: 220 ms, Speed: 2.21 M/s, Resolution: 1920x1080
Name: CCTV-2, URL: http://[2409:8087:5e00:24::20]:6610/000000001000/1000000001000023315/1.m3u8?channel-id=ystenlive&Contentid=1000000001000023315&livemode=1&stbId=3$订阅源, Date: None, Delay: -inf ms, Speed: inf M/s, Resolution: 1920x1080
Name: CCTV-2, URL: http://[2409:8087:5e00:24::20]:6610/000000001000/1/1000000005000265002/index.m3u8?channel-id=ystenlive&Contentid=1000000005000265002&livemode=1&stbId=YanG-1989$订阅源, Date: None, Delay: -inf ms, Speed: inf M/s, Resolution: 1920x1080
Name: CCTV-2, URL: http://[2409:8087:5e00:24::2d]:6610/000000001000/1/1000000005000265002/index.m3u8?channel-id=ystenlive&Contentid=1000000005000265002&livemode=1&stbId=YanG-1989$订阅源, Date: None, Delay: -inf ms, Speed: inf M/s, Resolution: 1920x1080
Name: CCTV-2, URL: http://[2409:8087:1a0a:df::404b]/ottrrs.hl.chinamobile.com/TVOD/88888888/224/3221225588/index.m3u8$订阅源, Date: None, Delay: -inf ms, Speed: inf M/s, Resolution: 1920x1080
Name: CCTV-2, URL: http://[2409:8087:1a0a:df::4031]:80/ottrrs.hl.chinamobile.com/PLTV/88888888/224/3221225588/index.m3u8$订阅源, Date: None, Delay: -inf ms, Speed: inf M/s, Resolution: 1920x1080
Name: CCTV-2, URL: http://[2409:8087:5e20:24::d]:6610/000000001000/5000000011000031101/index.m3u8?channel-id=bestzb&Contentid=5000000011000031101&livemode=1&stbId=3$订阅源, Date: None, Delay: -inf ms, Speed: inf M/s, Resolution: 1920x1080
Name: CCTV-2, URL: https://piccpndali.v.myalicdn.com/audio/cctv2_2.m3u8$订阅源, Date: None, Delay: 24 ms, Speed: 0.01 M/s, Resolution: None
Name: CCTV-2, URL: http://b.zgjok.com:35455/itv/1000000001000023315.m3u8?cdn=ystenlive$订阅源, Date: None, Delay: 2675 ms, Speed: 0.00 M/s, Resolution: None
Name: CCTV-2, URL: http://livetv.wqwqwq.sbs/itv/1000000001000023315.m3u8?cdn=ystenlive$订阅源, Date: None, Delay: 4270 ms, Speed: 0.00 M/s, Resolution: 1920x1080
Name: CCTV-2, URL: http://3501776.xyz:35455/itv/1000000001000023315.m3u8?cdn=ystenlive$订阅源, Date: None, Delay: 427 ms, Speed: 0.01 M/s, Resolution: 1920x1080
Name: CCTV-2, URL: http://[2409:8087:3869:8021:1001::e5]:6610/PLTV/88888888/224/3221225643/2/index.m3u8$订阅源, Date: None, Delay: -inf ms, Speed: inf M/s, Resolution: 1920x1080
Name: CCTV-2, URL: http://[2409:8087:3869:8021:1001::e5]:6610/PLTV/88888888/224/3221225619/2/index.m3u8$订阅源, Date: None, Delay: -inf ms, Speed: inf M/s, Resolution: 1920x1080
Name: CCTV-2, URL: http://[2409:8087:3869:8021:1001::e5]:6610/PLTV/88888888/224/3221225500/2/index.m3u8$订阅源, Date: None, Delay: -inf ms, Speed: inf M/s, Resolution: 1920x1080
Name: CCTV-2, URL: http://[2409:8087:3869:8021:1001::e5]:6610/PLTV/88888910/224/3221225643/index.m3u8$订阅源, Date: None, Delay: -inf ms, Speed: inf M/s, Resolution: 1920x1080
Name: CCTV-2, URL: https://tvpull.careryun.com/tv/cctv2.m3u8$订阅源, Date: None, Delay: 437 ms, Speed: 0.76 M/s, Resolution: 854x480
Name: CCTV-2, URL: http://61.136.172.236:9901/tsfile/live/0002_1.m3u8?key=txiptv&playlive=1&authid=0$湖北酒店源, Date: None, Delay: 259 ms, Speed: 0.00 M/s, Resolution: None
Name: CCTV-2, URL: http://61.136.172.236:9901/tsfile/live/0002_1.m3u8$订阅源, Date: None, Delay: 259 ms, Speed: 0.00 M/s, Resolution: None
Name: CCTV-2, URL: https://api.olelive.com/dis/live/CCTV2HD/hls.m3u8$订阅源, Date: None, Delay: 4 ms, Speed: 0.06 M/s, Resolution: 1920x1080
Name: CCTV-2, URL: http://3501776.xyz:35455/gaoma/cctv2.m3u8$订阅源, Date: None, Delay: 427 ms, Speed: 0.01 M/s, Resolution: 1920x1080
Name: CCTV-2, URL: http://hlsbkmgsplive.miguvideo.com/wd_r2/cctv/cctv2hd/1500/index.m3u8?&encrypt=$订阅源, Date: None, Delay: 12 ms, Speed: 0.47 M/s, Resolution: None
Name: CCTV-2, URL: http://1.itv.nctv.top:35455/gaoma/cctv2.m3u8$订阅源, Date: None, Delay: 210 ms, Speed: 0.01 M/s, Resolution: None
Name: CCTV-2, URL: http://1.itv.nctv.top:35455/itv/1000000001000023315.m3u8?cdn=ystenlive$订阅源, Date: None, Delay: 210 ms, Speed: 0.01 M/s, Resolution: None
Name: CCTV-2, URL: http://111.31.22.5/cache.ott.fifalive.itv.cmvideo.cn/000000001000/1.m3u8?channel-id=ystenlive&Contentid=1000000001000023315&livemode=1&stbId=3$订阅源, Date: None, Delay: 222 ms, Speed: 0.00 M/s, Resolution: None
Name: CCTV-2, URL: http://58.220.219.14:9901/tsfile/live/0002_1.m3u8$订阅源, Date: None, Delay: 1011 ms, Speed: 0.00 M/s, Resolution: None
Name: CCTV-2, URL: http://[2409:8087:74d9:21::4]/270000001128/index.m3u8?cmcc_cid=9900000502$订阅源, Date: None, Delay: -inf ms, Speed: inf M/s, Resolution: 1920x1080
Name: CCTV-2, URL: http://[2409:8087:7000:20:1000::22]:6060/yinhe/2/ch00000090990000001332/index.m3u8?virtualDomain=yinhe.live_hls.zte.com$订阅源, Date: None, Delay: -inf ms, Speed: inf M/s, Resolution: 1920x1080
Name: CCTV-2, URL: http://[2409:8087:7000:20:1000::22]:6060/yinhe/2/ch00000090990000001293/index.m3u8?virtualDomain=yinhe.live_hls.zte.com$订阅源, Date: None, Delay: -inf ms, Speed: inf M/s, Resolution: 1920x1080
Name: CCTV-2, URL: http://[2409:8087:2001:20:2800:0:df6e:eb14]:80/wh7f454c46tw3966154438_-1330575080/ott.mobaibox.com/PLTV/3/224/3221226993/index.m3u8?icpid=3&RTS=1674379786&from=40&popid=40&hms_devid=2115&prioritypopid=40&vqe=3$订阅源, Date: None, Delay: -inf ms, Speed: inf M/s, Resolution: 1920x1080
Name: CCTV-2, URL: http://[2409:8087:2001:20:2800:0:df6e:eb0a]:80/wh7f454c46tw2171563166_1731827918/ott.mobaibox.com/PLTV/3/224/3221227427/index.m3u8?icpid=3&RTS=1674386581&from=40&popid=40&hms_devid=2038&prioritypopid=40&vqe=3$订阅源, Date: None, Delay: -inf ms, Speed: inf M/s, Resolution: 1920x1080
Name: CCTV-2, URL: http://[2409:8087:2001:20:2800:0:df6e:eb0e]:80/wh7f454c46tw1529316470_522388216/ott.mobaibox.com/PLTV/3/224/3221227696/index.m3u8?icpid=3&RTS=1674385939&from=40&popid=40&hms_devid=2111&prioritypopid=40&vqe=3$订阅源, Date: None, Delay: -inf ms, Speed: inf M/s, Resolution: 1920x1080
Name: CCTV-2, URL: http://[2409:8087:74d9:21::6]:80/270000001322/69900158041111100000002135/index.m3u8$订阅源, Date: None, Delay: -inf ms, Speed: inf M/s, Resolution: 1920x1080
Name: CCTV-2, URL: http://121.19.134.200:808/tsfile/live/0002_1.m3u8?key=txiptv&playlive=1&authid=0$订阅源, Date: None, Delay: 2005 ms, Speed: 0.00 M/s, Resolution: None
Name: CCTV-2, URL: http://home.wwang.pw:35455/gaoma/cctv2.m3u8$订阅源, Date: None, Delay: 489 ms, Speed: 0.01 M/s, Resolution: None
Name: CCTV-2, URL: http://www.terrykang.xyz:35455/itv/1000000001000023315.m3u8?cdn=ystenlive$订阅源, Date: None, Delay: 546 ms, Speed: 0.00 M/s, Resolution: 1920x1080
Name: CCTV-2, URL: http://home.wwang.pw:35455/itv/1000000001000023315.m3u8?cdn=ystenlive$订阅源, Date: None, Delay: 489 ms, Speed: 0.01 M/s, Resolution: None
Name: CCTV-2, URL: http://58.220.219.14:9901/tsfile/live/0002_1.m3u8?key=txiptv&playlive=1&authid=0$订阅源, Date: None, Delay: 1011 ms, Speed: 0.00 M/s, Resolution: None
Name: CCTV-2, URL: http://116.128.242.83:9901/tsfile/live/0002_1.m3u8?key=txiptv&playlive=1&authid=0$北京酒店源, Date: None, Delay: 1692 ms, Speed: 0.00 M/s, Resolution: None
Name: CCTV-2, URL: http://117.144.58.42:35455/gaoma/cctv2.m3u8$订阅源, Date: None, Delay: 1690 ms, Speed: 0.00 M/s, Resolution: None
Name: CCTV-2, URL: http://202.100.46.58:9901/tsfile/live/1001_1.m3u8?key=txiptv&playlive=1&authid=0$订阅源, Date: None, Delay: 594 ms, Speed: 0.02 M/s, Resolution: None
Name: CCTV-2, URL: http://202.100.46.58:9901/tsfile/live/1001_1.m3u8$订阅源, Date: None, Delay: 594 ms, Speed: 0.02 M/s, Resolution: None
Name: CCTV-2, URL: http://219.145.93.74:9999/tsfile/live/0002_1.m3u8$订阅源, Date: None, Delay: 274 ms, Speed: 0.05 M/s, Resolution: 1920x1080
Name: CCTV-2, URL: http://116.128.242.83:9901/tsfile/live/0002_1.m3u8$订阅源, Date: None, Delay: 1692 ms, Speed: 0.00 M/s, Resolution: None
Name: CCTV-2, URL: http://2000.run:35455/gaoma/cctv2.m3u8$订阅源, Date: None, Delay: 620 ms, Speed: 0.00 M/s, Resolution: None
Name: CCTV-2, URL: http://dsm.huarunguoji.top:35455/itv/1000000001000023315.m3u8?cdn=ystenlive$订阅源, Date: None, Delay: 2110 ms, Speed: 0.00 M/s, Resolution: 1920x1080
Name: CCTV-2, URL: http://219.135.180.210:18888/hls/2/index.m3u8$订阅源, Date: None, Delay: 261 ms, Speed: 0.05 M/s, Resolution: None
Name: CCTV-2, URL: http://2000.run:35455/itv/1000000001000023315.m3u8?cdn=ystenlive$订阅源, Date: None, Delay: 620 ms, Speed: 0.00 M/s, Resolution: None
Name: CCTV-2, URL: http://bg5aqv.top:35455/itv/1000000001000023315.m3u8?cdn=ystenlive$订阅源, Date: None, Delay: 430 ms, Speed: 0.01 M/s, Resolution: 1920x1080
Name: CCTV-2, URL: http://110.7.130.44:8096/tsfile/live/0002_1.m3u8$订阅源, Date: None, Delay: 1577 ms, Speed: 0.01 M/s, Resolution: None
Name: CCTV-2, URL: http://bg5aqv.top:35455/gaoma/cctv2.m3u8$订阅源, Date: None, Delay: 430 ms, Speed: 0.01 M/s, Resolution: 1920x1080
Name: CCTV-2, URL: http://dsm.huarunguoji.top:35455/gaoma/cctv2.m3u8$订阅源, Date: None, Delay: 2110 ms, Speed: 0.00 M/s, Resolution: 1920x1080
Name: CCTV-2, URL: http://112.46.85.60:8009/hls/502/index.m3u8$订阅源, Date: None, Delay: 307 ms, Speed: 0.02 M/s, Resolution: None
Name: CCTV-2, URL: http://lt.hxtre.com:35455/gaoma/cctv2.m3u8$订阅源, Date: None, Delay: 2296 ms, Speed: 0.00 M/s, Resolution: None
Name: CCTV-2, URL: http://nmmp.asia:35455/gaoma/cctv2.m3u8$订阅源, Date: None, Delay: 289 ms, Speed: 0.00 M/s, Resolution: None
Name: CCTV-2, URL: http://60.29.124.66:6080/hls/13/index.m3u8$订阅源, Date: None, Delay: 249 ms, Speed: 0.02 M/s, Resolution: None
Name: CCTV-2, URL: http://110.53.52.63:8888/newlive/live/hls/3/live.m3u8$订阅源, Date: None, Delay: 507 ms, Speed: 0.10 M/s, Resolution: 1920x1080
Name: CCTV-2, URL: http://123.182.60.29:9002/hls/2/index.m3u8$订阅源, Date: None, Delay: 488 ms, Speed: 0.04 M/s, Resolution: None
Name: CCTV-2, URL: http://116.9.204.242:9901/tsfile/live/0002_1.m3u8?key=txiptv&playlive=1&authid=0$订阅源, Date: None, Delay: 1616 ms, Speed: 0.02 M/s, Resolution: None
Name: CCTV-2, URL: http://kkk.jjjj.jiduo.me/api.php?n=tttt&id=6999&tk=f6cc1e0a0e1a$订阅源, Date: None, Delay: 67 ms, Speed: 0.00 M/s, Resolution: None
Name: CCTV-2, URL: http://kkk.jjjj.jiduo.me/api.php?n=tttt&id=2159&tk=f6cc1e0a0e1a$订阅源, Date: None, Delay: 67 ms, Speed: 0.00 M/s, Resolution: None
Name: CCTV-2, URL: http://kkk.jjjj.jiduo.me/api.php?n=tttt&id=0780&tk=f6cc1e0a0e1a$订阅源, Date: None, Delay: 67 ms, Speed: 0.00 M/s, Resolution: None
Name: CCTV-2, URL: http://kkk.jjjj.jiduo.me/api.php?n=tttt&id=8931&tk=f6cc1e0a0e1a$订阅源, Date: None, Delay: 67 ms, Speed: 0.00 M/s, Resolution: None
Name: CCTV-2, URL: http://kkk.jjjj.jiduo.me/api.php?n=tttt&id=1319&tk=f6cc1e0a0e1a$订阅源, Date: None, Delay: 67 ms, Speed: 0.00 M/s, Resolution: None
Name: CCTV-2, URL: http://kkk.jjjj.jiduo.me/api.php?n=tttt&id=8724&tk=f6cc1e0a0e1a$订阅源, Date: None, Delay: 67 ms, Speed: 0.00 M/s, Resolution: None
Name: CCTV-2, URL: http://kkk.jjjj.jiduo.me/api.php?n=tttt&id=3140&tk=f6cc1e0a0e1a$订阅源, Date: None, Delay: 67 ms, Speed: 0.00 M/s, Resolution: None
Name: CCTV-2, URL: http://kkk.jjjj.jiduo.me/api.php?n=tttt&id=0688&tk=f6cc1e0a0e1a$订阅源, Date: None, Delay: 67 ms, Speed: 0.00 M/s, Resolution: None
Name: CCTV-2, URL: http://115.120.210.199/proxy/jsyd.php?p=gitv&id=G_CCTV-2-HD-265-8M.m3u8$订阅源, Date: None, Delay: 52 ms, Speed: 0.01 M/s, Resolution: None
Name: CCTV-2, URL: http://111.170.172.113:35455/itv/1000000001000023315.m3u8?cdn=ystenlive$订阅源, Date: None, Delay: 559 ms, Speed: 0.00 M/s, Resolution: None
Name: CCTV-2, URL: http://117.27.190.42:9998/tsfile/live/23233_1.m3u8$订阅源, Date: None, Delay: 8571 ms, Speed: 0.01 M/s, Resolution: None
Name: CCTV-2, URL: http://121.33.239.242:9901/tsfile/live/0002_1.m3u8$订阅源, Date: None, Delay: 2794 ms, Speed: 0.01 M/s, Resolution: None
Name: CCTV-2, URL: http://183.191.144.167:9003/hls/2/index.m3u8$订阅源, Date: None, Delay: 256 ms, Speed: 0.02 M/s, Resolution: None
Name: CCTV-2, URL: http://175.6.162.5:35455/gaoma/cctv2.m3u8$订阅源, Date: None, Delay: 314 ms, Speed: 0.00 M/s, Resolution: None
Name: CCTV-2, URL: http://175.6.162.5:35455/itv/1000000001000023315.m3u8?cdn=ystenlive$订阅源, Date: None, Delay: 314 ms, Speed: 0.00 M/s, Resolution: None
Name: CCTV-2, URL: http://113.140.86.162:8009/hls/502/index.m3u8$订阅源, Date: None, Delay: 302 ms, Speed: 0.06 M/s, Resolution: None
Name: CCTV-2, URL: http://123.132.233.194:352/tsfile/live/0002_1.m3u8$订阅源, Date: None, Delay: 6722 ms, Speed: 0.01 M/s, Resolution: None
Name: CCTV-2, URL: http://lt.hxtre.com:35455/itv/1000000001000023315.m3u8?cdn=ystenlive$订阅源, Date: None, Delay: 2296 ms, Speed: 0.00 M/s, Resolution: None
Name: CCTV-2, URL: http://111.170.172.113:35455/gaoma/cctv2.m3u8$订阅源, Date: None, Delay: 559 ms, Speed: 0.00 M/s, Resolution: None
Name: CCTV-2, URL: http://kkk.jjjj.jiduo.me/api.php?n=tttt&id=9878&tk=b53028476470$订阅源, Date: None, Delay: 67 ms, Speed: 0.00 M/s, Resolution: None
Name: CCTV-2, URL: http://kkk.jjjj.jiduo.me/api.php?n=tttt&id=7971&tk=b53028476470$订阅源, Date: None, Delay: 67 ms, Speed: 0.00 M/s, Resolution: None
Name: CCTV-2, URL: http://kkk.jjjj.jiduo.me/api.php?n=tttt&id=2958&tk=2aca1ad9a849$订阅源, Date: None, Delay: 67 ms, Speed: 0.00 M/s, Resolution: None
Name: CCTV-2, URL: http://kkk.jjjj.jiduo.me/api.php?n=tttt&id=8835&tk=b53028476470$订阅源, Date: None, Delay: 67 ms, Speed: 0.00 M/s, Resolution: None
Name: CCTV-2, URL: http://kkk.jjjj.jiduo.me/api.php?n=tttt&id=4701&tk=b53028476470$订阅源, Date: None, Delay: 67 ms, Speed: 0.00 M/s, Resolution: None
Name: CCTV-2, URL: http://kkk.jjjj.jiduo.me/api.php?n=tttt&id=5164&tk=b53028476470$订阅源, Date: None, Delay: 67 ms, Speed: 0.00 M/s, Resolution: None
Name: CCTV-2, URL: http://kkk.jjjj.jiduo.me/api.php?n=tttt&id=1198&tk=e503191f8e20$订阅源, Date: None, Delay: 67 ms, Speed: 0.00 M/s, Resolution: None
Name: CCTV-2, URL: http://kkk.jjjj.jiduo.me/api.php?n=tttt&id=5135&tk=e503191f8e20$订阅源, Date: None, Delay: 67 ms, Speed: 0.00 M/s, Resolution: None
Name: CCTV-2, URL: http://kkk.jjjj.jiduo.me/api.php?n=tttt&id=4937&tk=b53028476470$订阅源, Date: None, Delay: 67 ms, Speed: 0.00 M/s, Resolution: None
Name: CCTV-2, URL: http://kkk.jjjj.jiduo.me/api.php?n=tttt&id=3831&tk=e503191f8e20$订阅源, Date: None, Delay: 67 ms, Speed: 0.00 M/s, Resolution: None
Name: CCTV-2, URL: http://kkk.jjjj.jiduo.me/api.php?n=tttt&id=1094&tk=e503191f8e20$订阅源, Date: None, Delay: 67 ms, Speed: 0.00 M/s, Resolution: None
Name: CCTV-2, URL: http://kkk.jjjj.jiduo.me/api.php?n=tttt&id=5071&tk=b53028476470$订阅源, Date: None, Delay: 67 ms, Speed: 0.00 M/s, Resolution: None
Name: CCTV-2, URL: http://kkk.jjjj.jiduo.me/api.php?n=tttt&id=7862&tk=b53028476470$订阅源, Date: None, Delay: 67 ms, Speed: 0.00 M/s, Resolution: None
Name: CCTV-2, URL: http://kkk.jjjj.jiduo.me/api.php?n=tttt&id=2151&tk=e503191f8e20$订阅源, Date: None, Delay: 67 ms, Speed: 0.00 M/s, Resolution: None
Name: CCTV-2, URL: http://kkk.jjjj.jiduo.me/api.php?n=tttt&id=7710&tk=e503191f8e20$订阅源, Date: None, Delay: 67 ms, Speed: 0.00 M/s, Resolution: None
Name: CCTV-2, URL: http://117.27.190.42:9998/tsfile/live/23233_1.m3u8?key=txiptv$订阅源, Date: None, Delay: 8571 ms, Speed: 0.01 M/s, Resolution: None
Name: CCTV-2, URL: http://kkk.jjjj.jiduo.me/api.php?n=tttt&id=6085&tk=777be9e2ccb2$订阅源, Date: None, Delay: 67 ms, Speed: 0.00 M/s, Resolution: None
Name: CCTV-2, URL: http://kkk.jjjj.jiduo.me/api.php?n=tttt&id=9162&tk=777be9e2ccb2$订阅源, Date: None, Delay: 67 ms, Speed: 0.00 M/s, Resolution: None
Name: CCTV-2, URL: http://kkk.jjjj.jiduo.me/api.php?n=tttt&id=6957&tk=777be9e2ccb2$订阅源, Date: None, Delay: 67 ms, Speed: 0.00 M/s, Resolution: None
Name: CCTV-2, URL: http://kkk.jjjj.jiduo.me/api.php?n=tttt&id=5577&tk=777be9e2ccb2$订阅源, Date: None, Delay: 67 ms, Speed: 0.00 M/s, Resolution: None
Name: CCTV-2, URL: http://kkk.jjjj.jiduo.me/api.php?n=tttt&id=6335&tk=777be9e2ccb2$订阅源, Date: None, Delay: 67 ms, Speed: 0.00 M/s, Resolution: None
Name: CCTV-2, URL: http://kkk.jjjj.jiduo.me/api.php?n=tttt&id=0528&tk=777be9e2ccb2$订阅源, Date: None, Delay: 67 ms, Speed: 0.00 M/s, Resolution: None
Name: CCTV-2, URL: http://kkk.jjjj.jiduo.me/api.php?n=tttt&id=3090&tk=777be9e2ccb2$订阅源, Date: None, Delay: 67 ms, Speed: 0.00 M/s, Resolution: None
Name: CCTV-2, URL: http://kkk.jjjj.jiduo.me/api.php?n=tttt&id=2986&tk=777be9e2ccb2$订阅源, Date: None, Delay: 67 ms, Speed: 0.00 M/s, Resolution: None
